<?xml version="1.0" encoding="UTF-8"?>
<!-- Generated by org.testng.reporters.JUnitReportReporter -->
<testsuite skipped="0" hostname="NIBEDITA" name="test_1_TestNg.test_1" tests="1" failures="0" timestamp="30 Jan 2021 12:44:58 GMT" time="9.500" errors="0">
  <testcase name="f" time="9.500" classname="test_1_TestNg.test_1"/>
</testsuite> <!-- test_1_TestNg.test_1 -->
