<?xml version="1.0" encoding="UTF-8"?>
<!-- Generated by org.testng.reporters.JUnitReportReporter -->
<testsuite skipped="0" hostname="NIBEDITA" name="test_1_TestNg.test_2" tests="2" failures="0" timestamp="30 Jan 2021 12:49:42 GMT" time="8.202" errors="0">
  <testcase name="testcase_2" time="3.159" classname="test_1_TestNg.test_2"/>
  <testcase name="testcase_1" time="5.043" classname="test_1_TestNg.test_2"/>
</testsuite> <!-- test_1_TestNg.test_2 -->
