<?xml version="1.0" encoding="UTF-8"?>
<!-- Generated by org.testng.reporters.JUnitReportReporter -->
<testsuite skipped="0" hostname="NIBEDITA" name="test_1_TestNg.test_3" tests="3" failures="0" timestamp="30 Jan 2021 13:29:48 GMT" time="32.011" errors="0">
  <testcase name="b_testcase_3" time="23.830" classname="test_1_TestNg.test_3"/>
  <testcase name="a_testcase_2" time="3.045" classname="test_1_TestNg.test_3"/>
  <testcase name="c_testcase_1" time="5.136" classname="test_1_TestNg.test_3"/>
</testsuite> <!-- test_1_TestNg.test_3 -->
