<?xml version="1.0" encoding="UTF-8"?>
<!-- Generated by org.testng.reporters.JUnitReportReporter -->
<testsuite skipped="0" hostname="NIBEDITA" name="test_1_TestNg.test_4_ABC" tests="3" failures="0" timestamp="30 Jan 2021 13:34:12 GMT" time="14.504" errors="0">
  <testcase name="C_testcase_1" time="4.354" classname="test_1_TestNg.test_4_ABC"/>
  <testcase name="B_testcase_2" time="4.178" classname="test_1_TestNg.test_4_ABC"/>
  <testcase name="E_testcase_3" time="5.972" classname="test_1_TestNg.test_4_ABC"/>
</testsuite> <!-- test_1_TestNg.test_4_ABC -->
