<?xml version="1.0" encoding="UTF-8"?>
<!-- Generated by org.testng.reporters.JUnitReportReporter -->
<testsuite skipped="0" hostname="NIBEDITA" name="test_1_TestNg.test_4_Aa3" tests="3" failures="0" timestamp="30 Jan 2021 13:36:51 GMT" time="14.667" errors="0">
  <testcase name="Nt_testcase_3" time="6.107" classname="test_1_TestNg.test_4_Aa3"/>
  <testcase name="A_testcase_1" time="5.844" classname="test_1_TestNg.test_4_Aa3"/>
  <testcase name="a_testcase_2" time="2.716" classname="test_1_TestNg.test_4_Aa3"/>
</testsuite> <!-- test_1_TestNg.test_4_Aa3 -->
